{"C:\\Users\\AndreasG\\WebstormProjects\\transmono\\src\\components\\kryptand-translate\\constants.ts": {"path":"C:\\Users\\AndreasG\\WebstormProjects\\transmono\\src\\components\\kryptand-translate\\constants.ts","statementMap":{"0":{"start":{"line":1,"column":13},"end":{"line":1,"column":174}},"1":{"start":{"line":2,"column":13},"end":{"line":2,"column":72}}},"fnMap":{},"branchMap":{},"s":{"0":1,"1":1},"f":{},"b":{}}
,"C:\\Users\\AndreasG\\WebstormProjects\\transmono\\src\\components\\kryptand-translate\\kryptand-translate.tsx": {"path":"C:\\Users\\AndreasG\\WebstormProjects\\transmono\\src\\components\\kryptand-translate\\kryptand-translate.tsx","statementMap":{"0":{"start":{"line":1,"column":0},"end":{"line":1,"column":72}},"1":{"start":{"line":2,"column":0},"end":{"line":2,"column":55}},"2":{"start":{"line":3,"column":0},"end":{"line":3,"column":96}},"3":{"start":{"line":28,"column":4},"end":{"line":34,"column":null}},"4":{"start":{"line":29,"column":33},"end":{"line":29,"column":123}},"5":{"start":{"line":30,"column":6},"end":{"line":30,"column":51}},"6":{"start":{"line":31,"column":6},"end":{"line":31,"column":84}},"7":{"start":{"line":33,"column":6},"end":{"line":33,"column":63}},"8":{"start":{"line":39,"column":4},"end":{"line":39,"column":87}},"9":{"start":{"line":43,"column":4},"end":{"line":43,"column":47}},"10":{"start":{"line":5,"column":0},"end":{"line":5,"column":null}}},"fnMap":{"0":{"name":"(anonymous_1)","decl":{"start":{"line":27,"column":2},"end":{"line":27,"column":7}},"loc":{"start":{"line":27,"column":25},"end":{"line":35,"column":3}}},"1":{"name":"(anonymous_2)","decl":{"start":{"line":38,"column":2},"end":{"line":38,"column":7}},"loc":{"start":{"line":38,"column":22},"end":{"line":40,"column":3}}},"2":{"name":"(anonymous_3)","decl":{"start":{"line":42,"column":2},"end":{"line":42,"column":8}},"loc":{"start":{"line":42,"column":8},"end":{"line":44,"column":3}}}},"branchMap":{},"s":{"0":1,"1":1,"2":1,"3":1,"4":1,"5":0,"6":0,"7":0,"8":0,"9":0,"10":1},"f":{"0":1,"1":0,"2":0},"b":{}}
,"C:\\Users\\AndreasG\\WebstormProjects\\transmono\\src\\components\\kryptand-translation-provider\\kryptand-translation-provider.tsx": {"path":"C:\\Users\\AndreasG\\WebstormProjects\\transmono\\src\\components\\kryptand-translation-provider\\kryptand-translation-provider.tsx","statementMap":{"0":{"start":{"line":1,"column":0},"end":{"line":1,"column":93}},"1":{"start":{"line":3,"column":0},"end":{"line":3,"column":93}},"2":{"start":{"line":4,"column":0},"end":{"line":4,"column":71}},"3":{"start":{"line":5,"column":0},"end":{"line":5,"column":60}},"4":{"start":{"line":7,"column":27},"end":{"line":7,"column":34}},"5":{"start":{"line":15,"column":11},"end":{"line":15,"column":74}},"6":{"start":{"line":28,"column":10},"end":{"line":28,"column":69}},"7":{"start":{"line":35,"column":10},"end":{"line":35,"column":59}},"8":{"start":{"line":48,"column":4},"end":{"line":48,"column":33}},"9":{"start":{"line":49,"column":4},"end":{"line":49,"column":63}},"10":{"start":{"line":59,"column":4},"end":{"line":59,"column":34}},"11":{"start":{"line":60,"column":4},"end":{"line":60,"column":63}},"12":{"start":{"line":70,"column":4},"end":{"line":70,"column":69}},"13":{"start":{"line":84,"column":4},"end":{"line":84,"column":53}},"14":{"start":{"line":85,"column":4},"end":{"line":85,"column":65}},"15":{"start":{"line":98,"column":19},"end":{"line":98,"column":60}},"16":{"start":{"line":99,"column":26},"end":{"line":99,"column":57}},"17":{"start":{"line":100,"column":4},"end":{"line":100,"column":48}},"18":{"start":{"line":101,"column":4},"end":{"line":101,"column":65}},"19":{"start":{"line":105,"column":29},"end":{"line":105,"column":62}},"20":{"start":{"line":106,"column":4},"end":{"line":108,"column":7}},"21":{"start":{"line":107,"column":6},"end":{"line":107,"column":73}},"22":{"start":{"line":109,"column":4},"end":{"line":109,"column":56}},"23":{"start":{"line":113,"column":34},"end":{"line":113,"column":73}},"24":{"start":{"line":114,"column":4},"end":{"line":116,"column":null}},"25":{"start":{"line":115,"column":6},"end":{"line":115,"column":17}},"26":{"start":{"line":117,"column":29},"end":{"line":117,"column":59}},"27":{"start":{"line":118,"column":4},"end":{"line":120,"column":null}},"28":{"start":{"line":119,"column":6},"end":{"line":119,"column":17}},"29":{"start":{"line":121,"column":4},"end":{"line":121,"column":62}},"30":{"start":{"line":124,"column":4},"end":{"line":132,"column":null}},"31":{"start":{"line":125,"column":19},"end":{"line":125,"column":37}},"32":{"start":{"line":126,"column":6},"end":{"line":128,"column":null}},"33":{"start":{"line":127,"column":8},"end":{"line":127,"column":152}},"34":{"start":{"line":129,"column":6},"end":{"line":129,"column":52}},"35":{"start":{"line":130,"column":6},"end":{"line":130,"column":52}},"36":{"start":{"line":131,"column":6},"end":{"line":131,"column":13}},"37":{"start":{"line":133,"column":4},"end":{"line":133,"column":40}},"38":{"start":{"line":136,"column":4},"end":{"line":140,"column":6}},"39":{"start":{"line":9,"column":0},"end":{"line":9,"column":null}}},"fnMap":{"0":{"name":"(anonymous_0)","decl":{"start":{"line":9,"column":0},"end":{"line":9,"column":null}},"loc":{"start":{"line":9,"column":0},"end":{"line":142,"column":null}}},"1":{"name":"(anonymous_1)","decl":{"start":{"line":47,"column":2},"end":{"line":47,"column":7}},"loc":{"start":{"line":47,"column":25},"end":{"line":50,"column":3}}},"2":{"name":"(anonymous_2)","decl":{"start":{"line":58,"column":2},"end":{"line":58,"column":7}},"loc":{"start":{"line":58,"column":37},"end":{"line":61,"column":3}}},"3":{"name":"(anonymous_3)","decl":{"start":{"line":69,"column":2},"end":{"line":69,"column":7}},"loc":{"start":{"line":69,"column":45},"end":{"line":71,"column":3}}},"4":{"name":"(anonymous_4)","decl":{"start":{"line":83,"column":2},"end":{"line":83,"column":7}},"loc":{"start":{"line":83,"column":93},"end":{"line":86,"column":3}}},"5":{"name":"(anonymous_5)","decl":{"start":{"line":97,"column":2},"end":{"line":97,"column":7}},"loc":{"start":{"line":97,"column":50},"end":{"line":102,"column":3}}},"6":{"name":"(anonymous_6)","decl":{"start":{"line":104,"column":10},"end":{"line":104,"column":27}},"loc":{"start":{"line":104,"column":80},"end":{"line":110,"column":3}}},"7":{"name":"(anonymous_7)","decl":{"start":{"line":106,"column":31},"end":{"line":106,"column":47}},"loc":{"start":{"line":106,"column":50},"end":{"line":108,"column":5}}},"8":{"name":"(anonymous_8)","decl":{"start":{"line":112,"column":10},"end":{"line":112,"column":25}},"loc":{"start":{"line":112,"column":101},"end":{"line":122,"column":3}}},"9":{"name":"(anonymous_9)","decl":{"start":{"line":123,"column":10},"end":{"line":123,"column":31}},"loc":{"start":{"line":123,"column":31},"end":{"line":134,"column":3}}},"10":{"name":"(anonymous_10)","decl":{"start":{"line":135,"column":2},"end":{"line":135,"column":8}},"loc":{"start":{"line":135,"column":8},"end":{"line":141,"column":3}}}},"branchMap":{"0":{"loc":{"start":{"line":83,"column":77},"end":{"line":83,"column":93}},"type":"default-arg","locations":[{"start":{"line":83,"column":77},"end":{"line":83,"column":93}}]},"1":{"loc":{"start":{"line":114,"column":4},"end":{"line":116,"column":null}},"type":"if","locations":[{"start":{"line":114,"column":4},"end":{"line":116,"column":null}},{"start":{"line":114,"column":4},"end":{"line":116,"column":null}}]},"2":{"loc":{"start":{"line":118,"column":4},"end":{"line":120,"column":null}},"type":"if","locations":[{"start":{"line":118,"column":4},"end":{"line":120,"column":null}},{"start":{"line":118,"column":4},"end":{"line":120,"column":null}}]},"3":{"loc":{"start":{"line":124,"column":4},"end":{"line":132,"column":null}},"type":"if","locations":[{"start":{"line":124,"column":4},"end":{"line":132,"column":null}},{"start":{"line":124,"column":4},"end":{"line":132,"column":null}}]},"4":{"loc":{"start":{"line":126,"column":6},"end":{"line":128,"column":null}},"type":"if","locations":[{"start":{"line":126,"column":6},"end":{"line":128,"column":null}},{"start":{"line":126,"column":6},"end":{"line":128,"column":null}}]},"5":{"loc":{"start":{"line":129,"column":25},"end":{"line":129,"column":29}},"type":"binary-expr","locations":[{"start":{"line":129,"column":25},"end":{"line":129,"column":29}},{"start":{"line":129,"column":33},"end":{"line":129,"column":51}}]},"6":{"loc":{"start":{"line":130,"column":25},"end":{"line":130,"column":29}},"type":"binary-expr","locations":[{"start":{"line":130,"column":25},"end":{"line":130,"column":29}},{"start":{"line":130,"column":33},"end":{"line":130,"column":51}}]}},"s":{"0":2,"1":2,"2":2,"3":2,"4":2,"5":2,"6":2,"7":2,"8":2,"9":2,"10":0,"11":0,"12":0,"13":0,"14":0,"15":2,"16":0,"17":0,"18":0,"19":0,"20":0,"21":0,"22":0,"23":0,"24":0,"25":0,"26":0,"27":0,"28":0,"29":0,"30":2,"31":2,"32":2,"33":2,"34":2,"35":2,"36":2,"37":0,"38":0,"39":2},"f":{"0":2,"1":2,"2":0,"3":0,"4":0,"5":2,"6":0,"7":0,"8":0,"9":2,"10":0},"b":{"0":[0],"1":[0,0],"2":[0,0],"3":[2,0],"4":[2,0],"5":[2,2],"6":[2,2]}}
,"C:\\Users\\AndreasG\\WebstormProjects\\transmono\\src\\utils\\translation-loader.ts": {"path":"C:\\Users\\AndreasG\\WebstormProjects\\transmono\\src\\utils\\translation-loader.ts","statementMap":{"0":{"start":{"line":3,"column":0},"end":{"line":3,"column":37}},"1":{"start":{"line":5,"column":13},"end":{"line":7,"column":2}},"2":{"start":{"line":14,"column":10},"end":{"line":14,"column":81}},"3":{"start":{"line":19,"column":10},"end":{"line":19,"column":57}},"4":{"start":{"line":20,"column":10},"end":{"line":23,"column":4}},"5":{"start":{"line":21,"column":21},"end":{"line":21,"column":33}},"6":{"start":{"line":22,"column":4},"end":{"line":22,"column":35}},"7":{"start":{"line":17,"column":4},"end":{"line":17,"column":27}},"8":{"start":{"line":25,"column":4},"end":{"line":27,"column":null}},"9":{"start":{"line":26,"column":6},"end":{"line":26,"column":88}},"10":{"start":{"line":28,"column":19},"end":{"line":28,"column":54}},"11":{"start":{"line":29,"column":24},"end":{"line":29,"column":57}},"12":{"start":{"line":30,"column":4},"end":{"line":32,"column":null}},"13":{"start":{"line":31,"column":6},"end":{"line":31,"column":25}},"14":{"start":{"line":33,"column":21},"end":{"line":33,"column":40}},"15":{"start":{"line":34,"column":4},"end":{"line":36,"column":null}},"16":{"start":{"line":35,"column":6},"end":{"line":35,"column":72}},"17":{"start":{"line":37,"column":16},"end":{"line":37,"column":31}},"18":{"start":{"line":38,"column":24},"end":{"line":38,"column":39}},"19":{"start":{"line":39,"column":4},"end":{"line":39,"column":51}},"20":{"start":{"line":40,"column":4},"end":{"line":40,"column":23}},"21":{"start":{"line":13,"column":0},"end":{"line":13,"column":13}}},"fnMap":{"0":{"name":"(anonymous_0)","decl":{"start":{"line":13,"column":0},"end":{"line":13,"column":13}},"loc":{"start":{"line":13,"column":0},"end":{"line":42,"column":1}}},"1":{"name":"(anonymous_1)","decl":{"start":{"line":20,"column":35},"end":{"line":20,"column":36}},"loc":{"start":{"line":20,"column":54},"end":{"line":23,"column":3}}},"2":{"name":"(anonymous_2)","decl":{"start":{"line":16,"column":9},"end":{"line":16,"column":18}},"loc":{"start":{"line":16,"column":52},"end":{"line":18,"column":3}}},"3":{"name":"(anonymous_3)","decl":{"start":{"line":24,"column":2},"end":{"line":24,"column":7}},"loc":{"start":{"line":24,"column":40},"end":{"line":41,"column":3}}}},"branchMap":{"0":{"loc":{"start":{"line":25,"column":4},"end":{"line":27,"column":null}},"type":"if","locations":[{"start":{"line":25,"column":4},"end":{"line":27,"column":null}},{"start":{"line":25,"column":4},"end":{"line":27,"column":null}}]},"1":{"loc":{"start":{"line":25,"column":8},"end":{"line":25,"column":20}},"type":"binary-expr","locations":[{"start":{"line":25,"column":8},"end":{"line":25,"column":20}},{"start":{"line":25,"column":24},"end":{"line":25,"column":38}}]},"2":{"loc":{"start":{"line":30,"column":4},"end":{"line":32,"column":null}},"type":"if","locations":[{"start":{"line":30,"column":4},"end":{"line":32,"column":null}},{"start":{"line":30,"column":4},"end":{"line":32,"column":null}}]},"3":{"loc":{"start":{"line":34,"column":4},"end":{"line":36,"column":null}},"type":"if","locations":[{"start":{"line":34,"column":4},"end":{"line":36,"column":null}},{"start":{"line":34,"column":4},"end":{"line":36,"column":null}}]}},"s":{"0":2,"1":2,"2":2,"3":2,"4":2,"5":2,"6":2,"7":0,"8":2,"9":0,"10":2,"11":2,"12":2,"13":0,"14":2,"15":2,"16":2,"17":0,"18":0,"19":0,"20":0,"21":2},"f":{"0":2,"1":2,"2":0,"3":2},"b":{"0":[0,2],"1":[2,2],"2":[0,2],"3":[2,0]}}
,"C:\\Users\\AndreasG\\WebstormProjects\\transmono\\src\\utils\\transpiler.ts": {"path":"C:\\Users\\AndreasG\\WebstormProjects\\transmono\\src\\utils\\transpiler.ts","statementMap":{"0":{"start":{"line":1,"column":27},"end":{"line":1,"column":77}},"1":{"start":{"line":1,"column":41},"end":{"line":1,"column":77}},"2":{"start":{"line":1,"column":73},"end":{"line":1,"column":76}},"3":{"start":{"line":9,"column":4},"end":{"line":11,"column":null}},"4":{"start":{"line":10,"column":6},"end":{"line":10,"column":25}},"5":{"start":{"line":12,"column":4},"end":{"line":12,"column":50}},"6":{"start":{"line":7,"column":0},"end":{"line":7,"column":13}}},"fnMap":{"0":{"name":"(anonymous_0)","decl":{"start":{"line":1,"column":27},"end":{"line":1,"column":28}},"loc":{"start":{"line":1,"column":41},"end":{"line":1,"column":77}}},"1":{"name":"(anonymous_1)","decl":{"start":{"line":1,"column":67},"end":{"line":1,"column":70}},"loc":{"start":{"line":1,"column":73},"end":{"line":1,"column":76}}},"2":{"name":"(anonymous_2)","decl":{"start":{"line":8,"column":2},"end":{"line":8,"column":11}},"loc":{"start":{"line":8,"column":44},"end":{"line":13,"column":3}}}},"branchMap":{"0":{"loc":{"start":{"line":9,"column":4},"end":{"line":11,"column":null}},"type":"if","locations":[{"start":{"line":9,"column":4},"end":{"line":11,"column":null}},{"start":{"line":9,"column":4},"end":{"line":11,"column":null}}]}},"s":{"0":2,"1":0,"2":0,"3":0,"4":0,"5":0,"6":2},"f":{"0":0,"1":0,"2":0},"b":{"0":[0,0]}}
,"C:\\Users\\AndreasG\\WebstormProjects\\transmono\\src\\utils\\utils.ts": {"path":"C:\\Users\\AndreasG\\WebstormProjects\\transmono\\src\\utils\\utils.ts","statementMap":{"0":{"start":{"line":3,"column":13},"end":{"line":9,"column":2}},"1":{"start":{"line":4,"column":12},"end":{"line":4,"column":21}},"2":{"start":{"line":5,"column":2},"end":{"line":7,"column":5}},"3":{"start":{"line":6,"column":4},"end":{"line":6,"column":27}},"4":{"start":{"line":8,"column":2},"end":{"line":8,"column":13}},"5":{"start":{"line":10,"column":13},"end":{"line":16,"column":2}},"6":{"start":{"line":11,"column":22},"end":{"line":11,"column":24}},"7":{"start":{"line":12,"column":2},"end":{"line":14,"column":5}},"8":{"start":{"line":13,"column":4},"end":{"line":13,"column":65}},"9":{"start":{"line":15,"column":2},"end":{"line":15,"column":23}},"10":{"start":{"line":17,"column":13},"end":{"line":20,"column":2}},"11":{"start":{"line":18,"column":2},"end":{"line":18,"column":40}},"12":{"start":{"line":19,"column":2},"end":{"line":19,"column":40}}},"fnMap":{"0":{"name":"(anonymous_0)","decl":{"start":{"line":3,"column":26},"end":{"line":3,"column":29}},"loc":{"start":{"line":3,"column":32},"end":{"line":9,"column":1}}},"1":{"name":"(anonymous_1)","decl":{"start":{"line":5,"column":27},"end":{"line":5,"column":30}},"loc":{"start":{"line":5,"column":33},"end":{"line":7,"column":3}}},"2":{"name":"(anonymous_2)","decl":{"start":{"line":10,"column":39},"end":{"line":10,"column":40}},"loc":{"start":{"line":10,"column":91},"end":{"line":16,"column":1}}},"3":{"name":"(anonymous_3)","decl":{"start":{"line":12,"column":18},"end":{"line":12,"column":19}},"loc":{"start":{"line":12,"column":31},"end":{"line":14,"column":3}}},"4":{"name":"(anonymous_4)","decl":{"start":{"line":17,"column":34},"end":{"line":17,"column":39}},"loc":{"start":{"line":17,"column":87},"end":{"line":20,"column":1}}}},"branchMap":{},"s":{"0":2,"1":0,"2":0,"3":0,"4":0,"5":2,"6":0,"7":0,"8":0,"9":0,"10":2,"11":1,"12":0},"f":{"0":0,"1":0,"2":0,"3":0,"4":1},"b":{}}
}
