TN:
SF:src\components\kryptand-translate\constants.ts
FNF:0
FNH:0
DA:1,1
DA:2,1
LF:2
LH:2
BRF:0
BRH:0
end_of_record
TN:
SF:src\components\kryptand-translate\kryptand-translate.tsx
FN:27,(anonymous_1)
FN:38,(anonymous_2)
FN:42,(anonymous_3)
FNF:3
FNH:1
FNDA:1,(anonymous_1)
FNDA:0,(anonymous_2)
FNDA:0,(anonymous_3)
DA:1,1
DA:2,1
DA:3,1
DA:5,1
DA:28,1
DA:29,1
DA:30,0
DA:31,0
DA:33,0
DA:39,0
DA:43,0
LF:11
LH:6
BRF:0
BRH:0
end_of_record
TN:
SF:src\components\kryptand-translation-provider\kryptand-translation-provider.tsx
FN:9,(anonymous_0)
FN:47,(anonymous_1)
FN:58,(anonymous_2)
FN:69,(anonymous_3)
FN:83,(anonymous_4)
FN:97,(anonymous_5)
FN:104,(anonymous_6)
FN:106,(anonymous_7)
FN:112,(anonymous_8)
FN:123,(anonymous_9)
FN:135,(anonymous_10)
FNF:11
FNH:4
FNDA:2,(anonymous_0)
FNDA:2,(anonymous_1)
FNDA:0,(anonymous_2)
FNDA:0,(anonymous_3)
FNDA:0,(anonymous_4)
FNDA:2,(anonymous_5)
FNDA:0,(anonymous_6)
FNDA:0,(anonymous_7)
FNDA:0,(anonymous_8)
FNDA:2,(anonymous_9)
FNDA:0,(anonymous_10)
DA:1,2
DA:3,2
DA:4,2
DA:5,2
DA:7,2
DA:9,2
DA:15,2
DA:28,2
DA:35,2
DA:48,2
DA:49,2
DA:59,0
DA:60,0
DA:70,0
DA:84,0
DA:85,0
DA:98,2
DA:99,0
DA:100,0
DA:101,0
DA:105,0
DA:106,0
DA:107,0
DA:109,0
DA:113,0
DA:114,0
DA:115,0
DA:117,0
DA:118,0
DA:119,0
DA:121,0
DA:124,2
DA:125,2
DA:126,2
DA:127,2
DA:129,2
DA:130,2
DA:131,2
DA:133,0
DA:136,0
LF:40
LH:19
BRDA:83,0,0,0
BRDA:114,1,0,0
BRDA:114,1,1,0
BRDA:118,2,0,0
BRDA:118,2,1,0
BRDA:124,3,0,2
BRDA:124,3,1,0
BRDA:126,4,0,2
BRDA:126,4,1,0
BRDA:129,5,0,2
BRDA:129,5,1,2
BRDA:130,6,0,2
BRDA:130,6,1,2
BRF:13
BRH:6
end_of_record
TN:
SF:src\utils\translation-loader.ts
FN:13,(anonymous_0)
FN:20,(anonymous_1)
FN:16,(anonymous_2)
FN:24,(anonymous_3)
FNF:4
FNH:3
FNDA:2,(anonymous_0)
FNDA:2,(anonymous_1)
FNDA:0,(anonymous_2)
FNDA:2,(anonymous_3)
DA:3,2
DA:5,2
DA:13,2
DA:14,2
DA:17,0
DA:19,2
DA:20,2
DA:21,2
DA:22,2
DA:25,2
DA:26,0
DA:28,2
DA:29,2
DA:30,2
DA:31,0
DA:33,2
DA:34,2
DA:35,2
DA:37,0
DA:38,0
DA:39,0
DA:40,0
LF:22
LH:15
BRDA:25,0,0,0
BRDA:25,0,1,2
BRDA:25,1,0,2
BRDA:25,1,1,2
BRDA:30,2,0,0
BRDA:30,2,1,2
BRDA:34,3,0,2
BRDA:34,3,1,0
BRF:8
BRH:5
end_of_record
TN:
SF:src\utils\transpiler.ts
FN:1,(anonymous_0)
FN:1,(anonymous_1)
FN:8,(anonymous_2)
FNF:3
FNH:0
FNDA:0,(anonymous_0)
FNDA:0,(anonymous_1)
FNDA:0,(anonymous_2)
DA:1,2
DA:7,2
DA:9,0
DA:10,0
DA:12,0
LF:5
LH:2
BRDA:9,0,0,0
BRDA:9,0,1,0
BRF:2
BRH:0
end_of_record
TN:
SF:src\utils\utils.ts
FN:3,(anonymous_0)
FN:5,(anonymous_1)
FN:10,(anonymous_2)
FN:12,(anonymous_3)
FN:17,(anonymous_4)
FNF:5
FNH:1
FNDA:0,(anonymous_0)
FNDA:0,(anonymous_1)
FNDA:0,(anonymous_2)
FNDA:0,(anonymous_3)
FNDA:1,(anonymous_4)
DA:3,2
DA:4,0
DA:5,0
DA:6,0
DA:8,0
DA:10,2
DA:11,0
DA:12,0
DA:13,0
DA:15,0
DA:17,2
DA:18,1
DA:19,0
LF:13
LH:4
BRF:0
BRH:0
end_of_record
